
SQL*Loader: Release 11.2.0.3.0 - Production on Wed Aug 14 13:27:23 2013

Copyright (c) 1982, 2011, Oracle and/or its affiliates.  All rights reserved.

Control File:   /home/max/TF/NetworkManagmentTool/src/loadBB.ctl
Data File:      /home/max/TF/NetworkManagmentTool/data/bb.csv
  Bad File:     /home/max/TF/NetworkManagmentTool/src/bb.bad
  Discard File:  none specified
 
 (Allow all discards)

Number to load: ALL
Number to skip: 0
Errors allowed: 50
Bind array:     64 rows, maximum of 256000 bytes
Continuation:    none specified
Path used:      Conventional

Table BROADBAND, loaded from every logical record.
Insert option in effect for this table: APPEND

   Column Name                  Position   Len  Term Encl Datatype
------------------------------ ---------- ----- ---- ---- ---------------------
ID                                  FIRST     *   ,       CHARACTER            
IP                                   NEXT     *   ,       CHARACTER            
MAC                                  NEXT     *   ,       CHARACTER            
STREAMUP                             NEXT     *   ,       CHARACTER            
STREAMDOWN                           NEXT     *   ,       CHARACTER            
DELAY                                NEXT     *   ,       CHARACTER            
PACKET_LOSS                          NEXT     *   ,       CHARACTER            
CASTOM_INFO                          NEXT     *   ,       CHARACTER            
USER_AGENT                           NEXT     *   ,       CHARACTER            
TIMESTAMP                            NEXT     *   ,       CHARACTER            


Table BROADBAND:
  100 Rows successfully loaded.
  0 Rows not loaded due to data errors.
  0 Rows not loaded because all WHEN clauses were failed.
  0 Rows not loaded because all fields were null.


Space allocated for bind array:                 165120 bytes(64 rows)
Read   buffer bytes: 1048576

Total logical records skipped:          0
Total logical records read:           100
Total logical records rejected:         0
Total logical records discarded:        0

Run began on Wed Aug 14 13:27:23 2013
Run ended on Wed Aug 14 13:27:23 2013

Elapsed time was:     00:00:00.08
CPU time was:         00:00:00.02
