
SQL*Loader: Release 11.2.0.3.0 - Production on Wed Aug 14 13:34:56 2013

Copyright (c) 1982, 2011, Oracle and/or its affiliates.  All rights reserved.

Control File:   /home/max/TF/NetworkManagmentTool/src/loadTV.ctl
Data File:      /home/max/TF/NetworkManagmentTool/data/iptv.csv
  Bad File:     /home/max/TF/NetworkManagmentTool/src/iptv.bad
  Discard File:  none specified
 
 (Allow all discards)

Number to load: ALL
Number to skip: 0
Errors allowed: 50
Bind array:     64 rows, maximum of 256000 bytes
Continuation:    none specified
Path used:      Conventional

Table IPTV, loaded from every logical record.
Insert option in effect for this table: APPEND

   Column Name                  Position   Len  Term Encl Datatype
------------------------------ ---------- ----- ---- ---- ---------------------
ID                                  FIRST     *   ,       CHARACTER            
CHANNEL                              NEXT     *   ,       CHARACTER            
IDSTB                                NEXT     *   ,       CHARACTER            
CHANNEL_PREV                         NEXT     *   ,       CHARACTER            
PAYMENT                              NEXT     *   ,       CHARACTER            
GANRE                                NEXT     *   ,       CHARACTER            
PARENT_CONTROL                       NEXT     *   ,       CHARACTER            
BANDWIDTH                            NEXT     *   ,       CHARACTER            
CODEC                                NEXT     *   ,       CHARACTER            
TIMESTAMP                            NEXT     *   ,       CHARACTER            


Table IPTV:
  700 Rows successfully loaded.
  0 Rows not loaded due to data errors.
  0 Rows not loaded because all WHEN clauses were failed.
  0 Rows not loaded because all fields were null.


Space allocated for bind array:                 165120 bytes(64 rows)
Read   buffer bytes: 1048576

Total logical records skipped:          0
Total logical records read:           700
Total logical records rejected:         0
Total logical records discarded:        0

Run began on Wed Aug 14 13:34:56 2013
Run ended on Wed Aug 14 13:34:57 2013

Elapsed time was:     00:00:00.16
CPU time was:         00:00:00.02
