2013-07-25 13:24:40,164 INFO connect to db
2013-07-25 13:24:40,189 ERROR already exist UA5120001RT
2013-07-25 13:24:40,198 ERROR already exist UA5120002RT
2013-07-25 13:24:40,206 ERROR already exist UA5120003RT
2013-07-25 13:24:40,214 ERROR already exist UA5120004RT
2013-07-25 13:24:40,223 ERROR already exist 0005
2013-07-25 13:24:40,231 ERROR already exist 0006
2013-07-25 13:24:40,239 ERROR already exist 0007
2013-07-25 13:24:40,248 ERROR already exist 0008
2013-07-25 13:24:40,256 ERROR already exist 0009
2013-07-25 13:24:40,264 ERROR already exist 0010
2013-07-25 13:24:40,273 INFO disconnect db
<<<<<<< Updated upstream
2013-07-25 17:41:00,815 INFO connect to db
2013-07-25 17:41:00,853 ERROR already exist 0001
2013-07-25 17:41:00,861 ERROR already exist 0002
2013-07-25 17:41:00,870 ERROR already exist 0003
2013-07-25 17:41:00,878 ERROR already exist 0004
2013-07-25 17:41:00,886 ERROR already exist 0005
2013-07-25 17:41:00,895 ERROR already exist 0006
2013-07-25 17:41:00,903 ERROR already exist 0007
2013-07-25 17:41:00,911 ERROR already exist 0008
2013-07-25 17:41:00,920 ERROR already exist 0009
2013-07-25 17:41:00,928 ERROR already exist 0010
2013-07-25 17:41:00,986 INFO disconnect db
2013-07-25 17:44:33,012 INFO connect to db
2013-07-25 17:44:33,045 ERROR already exist 0001
2013-07-25 17:44:33,053 ERROR already exist 0002
2013-07-25 17:44:33,062 ERROR already exist 0003
2013-07-25 17:44:33,070 ERROR already exist 0004
2013-07-25 17:44:33,078 ERROR already exist 0005
2013-07-25 17:44:33,087 ERROR already exist 0006
2013-07-25 17:44:33,095 ERROR already exist 0007
2013-07-25 17:44:33,103 ERROR already exist 0008
2013-07-25 17:44:33,112 ERROR already exist 0009
2013-07-25 17:44:33,120 ERROR already exist 0010
2013-07-25 17:44:33,129 INFO disconnect db
2013-07-25 17:45:57,800 INFO connect to db
2013-07-25 17:45:57,834 ERROR already exist 0001
2013-07-25 17:45:57,842 ERROR already exist 0002
2013-07-25 17:45:57,850 ERROR already exist 0003
2013-07-25 17:45:57,858 ERROR already exist 0004
2013-07-25 17:45:57,867 ERROR already exist 0005
2013-07-25 17:45:57,875 ERROR already exist 0006
2013-07-25 17:45:57,883 ERROR already exist 0007
2013-07-25 17:45:57,892 ERROR already exist 0008
2013-07-25 17:45:57,910 ERROR already exist 0009
2013-07-25 17:45:57,927 ERROR already exist 0010
2013-07-25 17:45:57,943 INFO disconnect db
2013-07-25 17:46:23,074 INFO connect to db
2013-07-25 17:46:23,107 ERROR already exist 0001
2013-07-25 17:46:23,115 ERROR already exist 0002
2013-07-25 17:46:23,124 ERROR already exist 0003
2013-07-25 17:46:23,132 ERROR already exist 0004
2013-07-25 17:46:23,140 ERROR already exist 0005
2013-07-25 17:46:23,149 ERROR already exist 0006
2013-07-25 17:46:23,157 ERROR already exist 0007
2013-07-25 17:46:23,165 ERROR already exist 0008
2013-07-25 17:46:23,174 ERROR already exist 0009
2013-07-25 17:46:23,182 ERROR already exist 0010
2013-07-25 17:46:23,191 INFO disconnect db
2013-07-25 17:47:56,442 INFO connect to db
2013-07-25 17:47:56,475 ERROR already exist 0001
2013-07-25 17:47:56,483 ERROR already exist 0002
2013-07-25 17:47:56,492 ERROR already exist 0003
2013-07-25 17:47:56,500 ERROR already exist 0004
2013-07-25 17:47:56,508 ERROR already exist 0005
2013-07-25 17:47:56,517 ERROR already exist 0006
2013-07-25 17:47:56,525 ERROR already exist 0007
2013-07-25 17:47:56,533 ERROR already exist 0008
2013-07-25 17:47:56,542 ERROR already exist 0009
2013-07-25 17:47:56,550 ERROR already exist 0010
2013-07-25 17:47:56,559 INFO disconnect db
2013-07-25 17:56:58,724 INFO connect to db
2013-07-25 17:56:58,757 ERROR already exist 0001
2013-07-25 17:56:58,765 ERROR already exist 0002
2013-07-25 17:56:58,774 ERROR already exist 0003
2013-07-25 17:56:58,782 ERROR already exist 0004
2013-07-25 17:56:58,790 ERROR already exist 0005
2013-07-25 17:56:58,799 ERROR already exist 0006
2013-07-25 17:56:58,807 ERROR already exist 0007
2013-07-25 17:56:58,815 ERROR already exist 0008
2013-07-25 17:56:58,824 ERROR already exist 0009
2013-07-25 17:56:58,832 ERROR already exist 0010
2013-07-25 17:56:58,841 INFO disconnect db
=======
2013-07-25 17:56:14,000 INFO connect to db
2013-07-25 17:56:14,025 ERROR already exist 0001
2013-07-25 17:56:14,033 ERROR already exist 0002
2013-07-25 17:56:14,041 ERROR already exist 0003
2013-07-25 17:56:14,050 ERROR already exist 0004
2013-07-25 17:56:14,058 ERROR already exist 0005
2013-07-25 17:56:14,066 ERROR already exist 0006
2013-07-25 17:56:14,075 ERROR already exist 0007
2013-07-25 17:56:14,083 ERROR already exist 0008
2013-07-25 17:56:14,092 ERROR already exist 0009
2013-07-25 17:56:14,100 ERROR already exist 0010
2013-07-25 17:56:14,108 INFO disconnect db
2013-07-29 12:10:36,089 INFO connect to db
2013-07-29 12:10:36,376 ERROR already exist 0001
2013-07-29 12:10:36,410 ERROR already exist 0002
2013-07-29 12:10:36,426 ERROR already exist 0003
2013-07-29 12:10:36,443 ERROR already exist 0004
2013-07-29 12:10:36,460 ERROR already exist 0005
2013-07-29 12:10:36,476 ERROR already exist 0006
2013-07-29 12:10:36,493 ERROR already exist 0007
2013-07-29 12:10:36,510 ERROR already exist 0008
2013-07-29 12:10:36,526 ERROR already exist 0009
2013-07-29 12:10:36,543 ERROR already exist 0010
2013-07-29 12:10:36,593 INFO disconnect db
2013-07-29 12:12:15,679 INFO connect to db
2013-07-29 12:12:15,720 ERROR already exist 0001
2013-07-29 12:12:15,737 ERROR already exist 0002
2013-07-29 12:12:15,753 ERROR already exist 0003
2013-07-29 12:12:15,770 ERROR already exist 0004
2013-07-29 12:12:15,787 ERROR already exist 0005
2013-07-29 12:12:15,803 ERROR already exist 0006
2013-07-29 12:12:15,820 ERROR already exist 0007
2013-07-29 12:12:15,837 ERROR already exist 0008
2013-07-29 12:12:15,854 ERROR already exist 0009
2013-07-29 12:12:15,870 ERROR already exist 0010
2013-07-29 12:12:15,887 INFO disconnect db
2013-07-29 12:12:26,664 INFO connect to db
2013-07-29 12:12:26,739 ERROR already exist 0001
2013-07-29 12:12:26,766 ERROR already exist 0002
2013-07-29 12:12:26,782 ERROR already exist 0003
2013-07-29 12:12:26,799 ERROR already exist 0004
2013-07-29 12:12:26,816 ERROR already exist 0005
2013-07-29 12:12:26,832 ERROR already exist 0006
2013-07-29 12:12:26,849 ERROR already exist 0007
2013-07-29 12:12:26,866 ERROR already exist 0008
2013-07-29 12:12:26,882 ERROR already exist 0009
2013-07-29 12:12:26,899 ERROR already exist 0010
2013-07-29 12:12:26,924 INFO disconnect db
2013-07-29 12:12:59,560 INFO connect to db
2013-07-29 12:12:59,585 ERROR already exist 0001
2013-07-29 12:12:59,594 ERROR already exist 0002
2013-07-29 12:12:59,602 ERROR already exist 0003
2013-07-29 12:12:59,610 ERROR already exist 0004
2013-07-29 12:12:59,619 ERROR already exist 0005
2013-07-29 12:12:59,627 ERROR already exist 0006
2013-07-29 12:12:59,635 ERROR already exist 0007
2013-07-29 12:12:59,644 ERROR already exist 0008
2013-07-29 12:12:59,652 ERROR already exist 0009
2013-07-29 12:12:59,660 ERROR already exist 0010
2013-07-29 12:12:59,669 INFO disconnect db
2013-07-29 12:16:25,206 INFO connect to db
2013-07-29 12:18:27,988 INFO connect to db
2013-07-29 12:18:28,007 INFO call stored procedure
2013-07-29 12:18:28,013 INFO call stored procedure
2013-07-29 12:18:28,021 INFO call stored procedure
2013-07-29 12:18:28,030 INFO call stored procedure
2013-07-29 12:18:28,038 INFO call stored procedure
2013-07-29 12:18:28,047 INFO call stored procedure
2013-07-29 12:18:28,063 INFO call stored procedure
2013-07-29 12:18:28,071 INFO call stored procedure
2013-07-29 12:18:28,080 INFO call stored procedure
2013-07-29 12:18:28,088 INFO call stored procedure
2013-07-29 12:18:28,104 INFO disconnect db
2013-07-29 12:18:43,556 INFO connect to db
2013-07-29 12:18:43,577 INFO call stored procedure
2013-07-29 12:18:43,581 INFO call stored procedure
2013-07-29 12:18:43,590 INFO call stored procedure
2013-07-29 12:18:43,598 INFO call stored procedure
2013-07-29 12:18:43,606 INFO call stored procedure
2013-07-29 12:18:43,615 INFO call stored procedure
2013-07-29 12:18:43,623 INFO call stored procedure
2013-07-29 12:18:43,631 INFO call stored procedure
2013-07-29 12:18:43,640 INFO call stored procedure
2013-07-29 12:18:43,648 INFO call stored procedure
2013-07-29 12:18:43,664 INFO disconnect db
2013-07-29 12:20:39,828 INFO connect to db
2013-07-29 12:20:39,849 INFO call stored procedure
2013-07-29 12:20:39,854 INFO call stored procedure
2013-07-29 12:20:39,862 INFO call stored procedure
2013-07-29 12:20:39,871 INFO call stored procedure
2013-07-29 12:20:39,879 INFO call stored procedure
2013-07-29 12:20:39,887 INFO call stored procedure
2013-07-29 12:20:39,896 INFO call stored procedure
2013-07-29 12:20:39,904 INFO call stored procedure
2013-07-29 12:20:39,912 INFO call stored procedure
2013-07-29 12:20:39,921 INFO call stored procedure
2013-07-29 12:20:39,937 INFO disconnect db
>>>>>>> Stashed changes
2013-07-29 12:31:47,329 INFO connect to db
2013-07-29 12:31:47,349 INFO call stored procedure
2013-07-29 12:31:47,354 INFO call stored procedure
2013-07-29 12:31:47,363 INFO call stored procedure
2013-07-29 12:31:47,371 INFO call stored procedure
2013-07-29 12:31:47,379 INFO call stored procedure
2013-07-29 12:31:47,388 INFO call stored procedure
2013-07-29 12:31:47,396 INFO call stored procedure
2013-07-29 12:31:47,404 INFO call stored procedure
2013-07-29 12:31:47,413 INFO call stored procedure
2013-07-29 12:31:47,421 INFO call stored procedure
2013-07-29 12:31:47,437 INFO disconnect db
2013-07-29 12:35:13,734 INFO connect to db
2013-07-29 12:35:13,755 INFO call stored procedure
2013-07-29 12:35:13,759 INFO call stored procedure
2013-07-29 12:35:13,768 INFO call stored procedure
2013-07-29 12:35:13,776 INFO call stored procedure
2013-07-29 12:35:13,784 INFO call stored procedure
2013-07-29 12:35:13,793 INFO call stored procedure
2013-07-29 12:35:13,801 INFO call stored procedure
2013-07-29 12:35:13,809 INFO call stored procedure
2013-07-29 12:35:13,818 INFO call stored procedure
2013-07-29 12:35:13,826 INFO call stored procedure
2013-07-29 12:35:13,842 INFO disconnect db
2013-07-29 12:38:48,393 INFO connect to db
2013-07-29 12:38:48,414 INFO call stored procedure
2013-07-29 12:38:48,418 INFO call stored procedure
2013-07-29 12:38:48,426 INFO call stored procedure
2013-07-29 12:38:48,435 INFO call stored procedure
2013-07-29 12:38:48,443 INFO call stored procedure
2013-07-29 12:38:48,451 INFO call stored procedure
2013-07-29 12:38:48,460 INFO call stored procedure
2013-07-29 12:38:48,468 INFO call stored procedure
2013-07-29 12:38:48,476 INFO call stored procedure
2013-07-29 12:38:48,485 INFO call stored procedure
2013-07-29 12:38:48,501 INFO disconnect db
2013-07-29 12:39:46,511 INFO connect to db
2013-07-29 12:39:46,530 INFO call stored procedure
2013-07-29 12:39:46,536 INFO call stored procedure
2013-07-29 12:39:46,544 INFO call stored procedure
2013-07-29 12:39:46,553 INFO call stored procedure
2013-07-29 12:39:46,561 INFO call stored procedure
2013-07-29 12:39:46,569 INFO call stored procedure
2013-07-29 12:39:46,578 INFO call stored procedure
2013-07-29 12:39:46,586 INFO call stored procedure
2013-07-29 12:39:46,594 INFO call stored procedure
2013-07-29 12:39:46,603 INFO call stored procedure
2013-07-29 12:39:46,619 INFO disconnect db
2013-07-29 12:41:33,049 INFO connect to db
2013-07-29 12:41:48,575 INFO connect to db
2013-07-29 12:42:26,869 INFO connect to db
2013-07-29 12:42:26,890 INFO call stored procedure
2013-07-29 12:42:26,943 INFO call stored procedure
2013-07-29 12:42:26,951 INFO call stored procedure
2013-07-29 12:42:26,960 INFO call stored procedure
2013-07-29 12:42:26,969 INFO call stored procedure
2013-07-29 12:42:26,977 INFO call stored procedure
2013-07-29 12:42:26,984 INFO call stored procedure
2013-07-29 12:42:26,993 INFO call stored procedure
2013-07-29 12:42:27,001 INFO call stored procedure
2013-07-29 12:42:27,010 INFO call stored procedure
2013-07-29 12:42:27,026 INFO disconnect db
2013-07-29 14:22:02,183 INFO connect to db
2013-07-29 14:22:02,203 INFO call stored procedure
2013-07-29 14:22:02,209 INFO call stored procedure
2013-07-29 14:22:02,217 INFO call stored procedure
2013-07-29 14:22:02,225 INFO call stored procedure
2013-07-29 14:22:02,234 INFO call stored procedure
2013-07-29 14:22:02,242 INFO call stored procedure
2013-07-29 14:22:02,250 INFO call stored procedure
2013-07-29 14:22:02,259 INFO call stored procedure
2013-07-29 14:22:02,267 INFO call stored procedure
2013-07-29 14:22:02,275 INFO call stored procedure
2013-07-29 14:22:02,292 INFO disconnect db
2013-07-31 13:02:59,762 INFO connect to db
2013-07-31 13:02:59,968 INFO call stored procedure
2013-07-31 13:02:59,987 INFO call stored procedure
2013-07-31 13:03:00,004 INFO call stored procedure
2013-07-31 13:03:00,012 INFO call stored procedure
2013-07-31 13:03:00,020 INFO call stored procedure
2013-07-31 13:03:00,029 INFO call stored procedure
2013-07-31 13:03:00,037 INFO call stored procedure
2013-07-31 13:03:00,045 INFO call stored procedure
2013-07-31 13:03:00,054 INFO call stored procedure
2013-07-31 13:03:00,062 INFO call stored procedure
2013-07-31 13:03:00,078 INFO disconnect db
2013-07-31 13:07:28,176 INFO connect to db
2013-07-31 13:07:28,198 INFO call stored procedure
2013-07-31 13:07:28,202 INFO call stored procedure
2013-07-31 13:07:28,210 INFO call stored procedure
2013-07-31 13:07:28,219 INFO call stored procedure
2013-07-31 13:07:28,227 INFO call stored procedure
2013-07-31 13:07:28,236 INFO call stored procedure
2013-07-31 13:07:28,244 INFO call stored procedure
2013-07-31 13:07:28,252 INFO call stored procedure
2013-07-31 13:07:28,261 INFO call stored procedure
2013-07-31 13:07:28,270 INFO call stored procedure
2013-07-31 13:07:28,285 INFO disconnect db
2013-07-31 13:09:46,667 INFO connect to db
2013-07-31 13:09:46,689 INFO call stored procedure
2013-07-31 13:09:46,692 INFO call stored procedure
2013-07-31 13:09:46,701 INFO call stored procedure
2013-07-31 13:09:46,709 INFO call stored procedure
2013-07-31 13:09:46,717 INFO call stored procedure
2013-07-31 13:09:46,726 INFO call stored procedure
2013-07-31 13:09:46,734 INFO call stored procedure
2013-07-31 13:09:46,742 INFO call stored procedure
2013-07-31 13:09:46,751 INFO call stored procedure
2013-07-31 13:09:46,759 INFO call stored procedure
2013-07-31 13:09:46,775 INFO disconnect db
2013-07-31 13:10:33,298 INFO connect to db
2013-07-31 13:10:33,318 INFO call stored procedure
2013-07-31 13:10:33,323 INFO call stored procedure
2013-07-31 13:10:33,331 INFO call stored procedure
2013-07-31 13:10:33,339 INFO call stored procedure
2013-07-31 13:10:33,348 INFO call stored procedure
2013-07-31 13:10:33,356 INFO call stored procedure
2013-07-31 13:10:33,365 INFO call stored procedure
2013-07-31 13:10:33,373 INFO call stored procedure
2013-07-31 13:10:33,381 INFO call stored procedure
2013-07-31 13:10:33,390 INFO call stored procedure
2013-07-31 13:10:33,406 INFO disconnect db
2013-07-31 13:57:56,672 INFO connect to db
2013-07-31 13:57:56,693 INFO call stored procedure
2013-07-31 13:57:56,706 INFO call stored procedure
2013-07-31 13:57:56,714 INFO call stored procedure
2013-07-31 13:57:56,722 INFO call stored procedure
2013-07-31 13:57:56,731 INFO call stored procedure
2013-07-31 13:57:56,739 INFO call stored procedure
2013-07-31 13:57:56,747 INFO call stored procedure
2013-07-31 13:57:56,756 INFO call stored procedure
2013-07-31 13:57:56,764 INFO call stored procedure
2013-07-31 13:57:56,772 INFO call stored procedure
2013-07-31 13:57:56,789 INFO disconnect db
