
<<<<<<< Updated upstream
<<<<<<< Updated upstream
SQL*Loader: Release 11.2.0.3.0 - Production on Fri Aug 9 13:23:51 2013
=======
SQL*Loader: Release 11.2.0.3.0 - Production on Thu Aug 8 17:08:19 2013
>>>>>>> Stashed changes
=======
SQL*Loader: Release 11.2.0.3.0 - Production on Mon Aug 12 13:32:12 2013
>>>>>>> Stashed changes

Copyright (c) 1982, 2011, Oracle and/or its affiliates.  All rights reserved.

Control File:   loadTV.ctl
Data File:      ../data/iptv.csv
  Bad File:     iptv.bad
  Discard File:  none specified
 
 (Allow all discards)

Number to load: ALL
Number to skip: 0
Errors allowed: 50
Bind array:     64 rows, maximum of 256000 bytes
Continuation:    none specified
Path used:      Conventional

Table IPTV, loaded from every logical record.
Insert option in effect for this table: APPEND

   Column Name                  Position   Len  Term Encl Datatype
------------------------------ ---------- ----- ---- ---- ---------------------
ID                                  FIRST     *   ,       CHARACTER            
CHANNEL                              NEXT     *   ,       CHARACTER            
IDSTB                                NEXT     *   ,       CHARACTER            
CHANNEL_PREV                         NEXT     *   ,       CHARACTER            
PAYMENT                              NEXT     *   ,       CHARACTER            
GANRE                                NEXT     *   ,       CHARACTER            
PARENT_CONTROL                       NEXT     *   ,       CHARACTER            
BANDWIDTH                            NEXT     *   ,       CHARACTER            
CODEC                                NEXT     *   ,       CHARACTER            
TIMESTAMP                            NEXT     *   ,       CHARACTER            


Table IPTV:
<<<<<<< Updated upstream
<<<<<<< Updated upstream
  16 Rows successfully loaded.
=======
  77 Rows successfully loaded.
>>>>>>> Stashed changes
=======
  8 Rows successfully loaded.
>>>>>>> Stashed changes
  0 Rows not loaded due to data errors.
  0 Rows not loaded because all WHEN clauses were failed.
  0 Rows not loaded because all fields were null.


Space allocated for bind array:                 165120 bytes(64 rows)
Read   buffer bytes: 1048576

Total logical records skipped:          0
<<<<<<< Updated upstream
<<<<<<< Updated upstream
Total logical records read:            16
=======
Total logical records read:             8
>>>>>>> Stashed changes
Total logical records rejected:         0
Total logical records discarded:        0

Run began on Mon Aug 12 13:32:12 2013
Run ended on Mon Aug 12 13:32:13 2013

Elapsed time was:     00:00:00.10
CPU time was:         00:00:00.01
=======
Total logical records read:            77
Total logical records rejected:         0
Total logical records discarded:        0

Run began on Thu Aug 08 17:08:19 2013
Run ended on Thu Aug 08 17:08:19 2013

Elapsed time was:     00:00:00.10
CPU time was:         00:00:00.02
>>>>>>> Stashed changes
