
<<<<<<< Updated upstream
<<<<<<< Updated upstream
SQL*Loader: Release 11.2.0.3.0 - Production on Fri Aug 9 13:23:51 2013
=======
SQL*Loader: Release 11.2.0.3.0 - Production on Thu Aug 8 17:08:20 2013
>>>>>>> Stashed changes
=======
SQL*Loader: Release 11.2.0.3.0 - Production on Mon Aug 12 13:32:13 2013
>>>>>>> Stashed changes

Copyright (c) 1982, 2011, Oracle and/or its affiliates.  All rights reserved.

Control File:   loadBB.ctl
Data File:      ../data/bb.csv
  Bad File:     bb.bad
  Discard File:  none specified
 
 (Allow all discards)

Number to load: ALL
Number to skip: 0
Errors allowed: 50
Bind array:     64 rows, maximum of 256000 bytes
Continuation:    none specified
Path used:      Conventional

Table BROADBAND, loaded from every logical record.
Insert option in effect for this table: APPEND

   Column Name                  Position   Len  Term Encl Datatype
------------------------------ ---------- ----- ---- ---- ---------------------
ID                                  FIRST     *   ,       CHARACTER            
IP                                   NEXT     *   ,       CHARACTER            
MAC                                  NEXT     *   ,       CHARACTER            
STREAMUP                             NEXT     *   ,       CHARACTER            
STREAMDOWN                           NEXT     *   ,       CHARACTER            
DELAY                                NEXT     *   ,       CHARACTER            
PACKET_LOSS                          NEXT     *   ,       CHARACTER            
CASTOM_INFO                          NEXT     *   ,       CHARACTER            
USER_AGENT                           NEXT     *   ,       CHARACTER            
TIMESTAMP                            NEXT     *   ,       CHARACTER            


Table BROADBAND:
<<<<<<< Updated upstream
<<<<<<< Updated upstream
  17 Rows successfully loaded.
=======
  77 Rows successfully loaded.
>>>>>>> Stashed changes
=======
  8 Rows successfully loaded.
>>>>>>> Stashed changes
  0 Rows not loaded due to data errors.
  0 Rows not loaded because all WHEN clauses were failed.
  0 Rows not loaded because all fields were null.


Space allocated for bind array:                 165120 bytes(64 rows)
Read   buffer bytes: 1048576

Total logical records skipped:          0
<<<<<<< Updated upstream
<<<<<<< Updated upstream
Total logical records read:            17
=======
Total logical records read:             8
>>>>>>> Stashed changes
Total logical records rejected:         0
Total logical records discarded:        0

Run began on Mon Aug 12 13:32:13 2013
Run ended on Mon Aug 12 13:32:13 2013

<<<<<<< Updated upstream
Elapsed time was:     00:00:00.07
CPU time was:         00:00:00.01
=======
Total logical records read:            77
Total logical records rejected:         0
Total logical records discarded:        0

Run began on Thu Aug 08 17:08:20 2013
Run ended on Thu Aug 08 17:08:20 2013

Elapsed time was:     00:00:00.10
CPU time was:         00:00:00.02
>>>>>>> Stashed changes
=======
Elapsed time was:     00:00:00.08
CPU time was:         00:00:00.02
>>>>>>> Stashed changes
